<?xml version="1.0" encoding="UTF-8"?>
<testng-results skipped="0" failed="0" ignored="0" total="1" passed="1">
  <reporter-output>
  </reporter-output>
  <suite name="Default suite" duration-ms="9258" started-at="2022-04-10T11:03:10 EDT" finished-at="2022-04-10T11:03:20 EDT">
    <groups>
    </groups>
    <test name="Default test" duration-ms="9258" started-at="2022-04-10T11:03:10 EDT" finished-at="2022-04-10T11:03:20 EDT">
      <class name="test.AddCustomerTest">
        <test-method status="PASS" signature="validUserShouldBeAbleToAddCustomer()[pri:0, instance:test.AddCustomerTest@3b0090a4]" name="validUserShouldBeAbleToAddCustomer" duration-ms="9221" started-at="2022-04-10T11:03:10 EDT" finished-at="2022-04-10T11:03:20 EDT">
          <reporter-output>
          </reporter-output>
        </test-method> <!-- validUserShouldBeAbleToAddCustomer -->
      </class> <!-- test.AddCustomerTest -->
    </test> <!-- Default test -->
  </suite> <!-- Default suite -->
</testng-results>
